Added Component: Designator=*SK(DIP16P)
Add component. Clean all parameters for all variants
Added Component: Designator=C1(CAP2)
Add component. Clean all parameters for all variants
Added Component: Designator=C2(CAP2)
Add component. Clean all parameters for all variants
Added Component: Designator=C4(CAP2)
Add component. Clean all parameters for all variants
Added Component: Designator=D1(LED2_B)
Add component. Clean all parameters for all variants
Added Component: Designator=D3(LED2_B)
Add component. Clean all parameters for all variants
Added Component: Designator=D4(LED2_B)
Add component. Clean all parameters for all variants
Added Component: Designator=J1(HDR2.54-M-LI-4P)
Add component. Clean all parameters for all variants
Added Component: Designator=J2(HDR2.54-M-LI-6P)
Add component. Clean all parameters for all variants
Added Component: Designator=J3(OLED)
Add component. Clean all parameters for all variants
Added Component: Designator=J4(WEI YA)
Add component. Clean all parameters for all variants
Added Component: Designator=J11(KF128-5.08-2P)
Add component. Clean all parameters for all variants
Added Component: Designator=J17(sip-5)
Add component. Clean all parameters for all variants
Added Component: Designator=J18(sip-5)
Add component. Clean all parameters for all variants
Added Component: Designator=J19(sip-5)
Add component. Clean all parameters for all variants
Added Component: Designator=JP1(XH2.54-WI-6P)
Add component. Clean all parameters for all variants
Add component (AddParameter): Name = "BOM名称"; Value = "6P接插件"; VariantName = "[No Variations]"
Add component (AddParameter): Name = "学习资源"; Value = "https://shop463601444.taobao.com"; VariantName = "[No Variations]"
Add component (AddParameter): Name = "版权归属"; Value = "封装库来自淘宝 ID：黄晶宝石"; VariantName = "[No Variations]"
Added Component: Designator=JP2(XH2.54-WI-6P)
Add component. Clean all parameters for all variants
Add component (AddParameter): Name = "BOM名称"; Value = "6P接插件"; VariantName = "[No Variations]"
Add component (AddParameter): Name = "学习资源"; Value = "https://shop463601444.taobao.com"; VariantName = "[No Variations]"
Add component (AddParameter): Name = "版权归属"; Value = "封装库来自淘宝 ID：黄晶宝石"; VariantName = "[No Variations]"
Added Component: Designator=p(DIP40P)
Add component. Clean all parameters for all variants
Added Component: Designator=R1(AXIAL0.6)
Add component. Clean all parameters for all variants
Added Component: Designator=R2(AXIAL0.6)
Add component. Clean all parameters for all variants
Added Component: Designator=R4(AXIAL0.6)
Add component. Clean all parameters for all variants
Added Component: Designator=R5(AXIAL0.6)
Add component. Clean all parameters for all variants
Added Component: Designator=R15(AXIAL0.6)
Add component. Clean all parameters for all variants
Added Component: Designator=R16(AXIAL0.6)
Add component. Clean all parameters for all variants
Added Component: Designator=R17(AXIAL0.6)
Add component. Clean all parameters for all variants
Added Component: Designator=S1(SW6*6)
Add component. Clean all parameters for all variants
Added Component: Designator=S2(SW6*6)
Add component. Clean all parameters for all variants
Added Component: Designator=S8(SWH7*7)
Add component. Clean all parameters for all variants
Added Pin To Net: NetName=3V3 Pin=J3-2
Added Pin To Net: NetName=3V3 Pin=J18-1
Added Pin To Net: NetName=3V3 Pin=J18-2
Added Pin To Net: NetName=3V3 Pin=J18-3
Added Pin To Net: NetName=3V3 Pin=J18-4
Added Pin To Net: NetName=3V3 Pin=J18-5
Added Pin To Net: NetName=3V3 Pin=p-3
Added Pin To Net: NetName=3V3 Pin=p-21
Added Pin To Net: NetName=3V3 Pin=R1-1
Added Pin To Net: NetName=3V3 Pin=R2-1
Added Pin To Net: NetName=3V3 Pin=R4-1
Added Pin To Net: NetName=3V3 Pin=R15-1
Added Pin To Net: NetName=3V3 Pin=R17-1
Added Net: Name=3V3
Added Pin To Net: NetName=5V Pin=*SK-15
Added Pin To Net: NetName=5V Pin=C1-1
Added Pin To Net: NetName=5V Pin=C2-1
Added Pin To Net: NetName=5V Pin=C4-1
Added Pin To Net: NetName=5V Pin=J1-4
Added Pin To Net: NetName=5V Pin=J2-2
Added Pin To Net: NetName=5V Pin=J4-2
Added Pin To Net: NetName=5V Pin=J19-1
Added Pin To Net: NetName=5V Pin=J19-2
Added Pin To Net: NetName=5V Pin=J19-3
Added Pin To Net: NetName=5V Pin=J19-4
Added Pin To Net: NetName=5V Pin=J19-5
Added Pin To Net: NetName=5V Pin=JP1-5
Added Pin To Net: NetName=5V Pin=JP2-5
Added Pin To Net: NetName=5V Pin=p-23
Added Pin To Net: NetName=5V Pin=R16-1
Added Net: Name=5V
Added Pin To Net: NetName=12V Pin=*SK-16
Added Pin To Net: NetName=12V Pin=J4-4
Added Pin To Net: NetName=12V Pin=J11-1
Added Pin To Net: NetName=12V Pin=S8-2
Added Pin To Net: NetName=12V Pin=S8-3
Added Pin To Net: NetName=12V Pin=S8-4
Added Pin To Net: NetName=12V Pin=S8-5
Added Net: Name=12V
Added Pin To Net: NetName=A01 Pin=*SK-13
Added Pin To Net: NetName=A01 Pin=JP1-6
Added Net: Name=A01
Added Pin To Net: NetName=A02 Pin=*SK-12
Added Pin To Net: NetName=A02 Pin=JP1-1
Added Net: Name=A02
Added Pin To Net: NetName=B01 Pin=*SK-10
Added Pin To Net: NetName=B01 Pin=JP2-6
Added Net: Name=B01
Added Pin To Net: NetName=B02 Pin=*SK-11
Added Pin To Net: NetName=B02 Pin=JP2-1
Added Net: Name=B02
Added Pin To Net: NetName=GND Pin=*SK-8
Added Pin To Net: NetName=GND Pin=*SK-9
Added Pin To Net: NetName=GND Pin=*SK-14
Added Pin To Net: NetName=GND Pin=C1-2
Added Pin To Net: NetName=GND Pin=C2-2
Added Pin To Net: NetName=GND Pin=C4-2
Added Pin To Net: NetName=GND Pin=D3-2
Added Pin To Net: NetName=GND Pin=D4-2
Added Pin To Net: NetName=GND Pin=J1-1
Added Pin To Net: NetName=GND Pin=J2-3
Added Pin To Net: NetName=GND Pin=J3-1
Added Pin To Net: NetName=GND Pin=J4-1
Added Pin To Net: NetName=GND Pin=J4-3
Added Pin To Net: NetName=GND Pin=J11-2
Added Pin To Net: NetName=GND Pin=J17-1
Added Pin To Net: NetName=GND Pin=J17-2
Added Pin To Net: NetName=GND Pin=J17-3
Added Pin To Net: NetName=GND Pin=J17-4
Added Pin To Net: NetName=GND Pin=J17-5
Added Pin To Net: NetName=GND Pin=JP1-2
Added Pin To Net: NetName=GND Pin=JP2-2
Added Pin To Net: NetName=GND Pin=p-1
Added Pin To Net: NetName=GND Pin=p-22
Added Pin To Net: NetName=GND Pin=R5-2
Added Pin To Net: NetName=GND Pin=S1-2
Added Pin To Net: NetName=GND Pin=S1-2
Added Pin To Net: NetName=GND Pin=S2-2
Added Pin To Net: NetName=GND Pin=S2-2
Added Net: Name=GND
Added Pin To Net: NetName=Net*SK_4 Pin=*SK-4
Added Pin To Net: NetName=Net*SK_4 Pin=p-4
Added Net: Name=Net*SK_4
Added Pin To Net: NetName=NetD1_1 Pin=D1-1
Added Pin To Net: NetName=NetD1_1 Pin=R1-2
Added Net: Name=NetD1_1
Added Pin To Net: NetName=NetD3_1 Pin=D3-1
Added Pin To Net: NetName=NetD3_1 Pin=R15-2
Added Net: Name=NetD3_1
Added Pin To Net: NetName=NetD4_1 Pin=D4-1
Added Pin To Net: NetName=NetD4_1 Pin=R16-2
Added Net: Name=NetD4_1
Added Pin To Net: NetName=PA0 Pin=JP1-4
Added Pin To Net: NetName=PA0 Pin=p-16
Added Net: Name=PA0
Added Pin To Net: NetName=PA1 Pin=JP1-3
Added Pin To Net: NetName=PA1 Pin=p-15
Added Net: Name=PA1
Added Pin To Net: NetName=PA2 Pin=J1-2
Added Pin To Net: NetName=PA2 Pin=p-14
Added Net: Name=PA2
Added Pin To Net: NetName=PA3 Pin=J1-3
Added Pin To Net: NetName=PA3 Pin=p-13
Added Net: Name=PA3
Added Pin To Net: NetName=PA4 Pin=p-12
Added Net: Name=PA4
Added Pin To Net: NetName=PA5 Pin=p-11
Added Net: Name=PA5
Added Pin To Net: NetName=PA6 Pin=p-10
Added Net: Name=PA6
Added Pin To Net: NetName=PA7 Pin=p-9
Added Net: Name=PA7
Added Pin To Net: NetName=PA8 Pin=*SK-7
Added Pin To Net: NetName=PA8 Pin=p-36
Added Net: Name=PA8
Added Pin To Net: NetName=PA11 Pin=*SK-1
Added Pin To Net: NetName=PA11 Pin=p-33
Added Net: Name=PA11
Added Pin To Net: NetName=PB0 Pin=p-8
Added Pin To Net: NetName=PB0 Pin=R4-2
Added Pin To Net: NetName=PB0 Pin=R5-1
Added Net: Name=PB0
Added Pin To Net: NetName=PB1 Pin=p-7
Added Net: Name=PB1
Added Pin To Net: NetName=PB5 Pin=p-28
Added Net: Name=PB5
Added Pin To Net: NetName=PB6 Pin=JP2-4
Added Pin To Net: NetName=PB6 Pin=p-27
Added Net: Name=PB6
Added Pin To Net: NetName=PB7 Pin=JP2-3
Added Pin To Net: NetName=PB7 Pin=p-26
Added Net: Name=PB7
Added Pin To Net: NetName=PB8 Pin=J3-3
Added Pin To Net: NetName=PB8 Pin=p-25
Added Net: Name=PB8
Added Pin To Net: NetName=PB9 Pin=J3-4
Added Pin To Net: NetName=PB9 Pin=p-24
Added Net: Name=PB9
Added Pin To Net: NetName=PB10 Pin=J2-5
Added Pin To Net: NetName=PB10 Pin=p-6
Added Net: Name=PB10
Added Pin To Net: NetName=PB11 Pin=J2-4
Added Pin To Net: NetName=PB11 Pin=p-5
Added Net: Name=PB11
Added Pin To Net: NetName=PB12 Pin=*SK-2
Added Pin To Net: NetName=PB12 Pin=p-40
Added Net: Name=PB12
Added Pin To Net: NetName=PB13 Pin=*SK-3
Added Pin To Net: NetName=PB13 Pin=p-39
Added Net: Name=PB13
Added Pin To Net: NetName=PB14 Pin=*SK-5
Added Pin To Net: NetName=PB14 Pin=p-38
Added Net: Name=PB14
Added Pin To Net: NetName=PB15 Pin=*SK-6
Added Pin To Net: NetName=PB15 Pin=p-37
Added Net: Name=PB15
Added Pin To Net: NetName=PC14 Pin=D1-2
Added Pin To Net: NetName=PC14 Pin=p-18
Added Pin To Net: NetName=PC14 Pin=R17-2
Added Pin To Net: NetName=PC14 Pin=S2-1
Added Pin To Net: NetName=PC14 Pin=S2-1
Added Net: Name=PC14
Added Pin To Net: NetName=PC15 Pin=p-17
Added Pin To Net: NetName=PC15 Pin=R2-2
Added Pin To Net: NetName=PC15 Pin=S1-1
Added Pin To Net: NetName=PC15 Pin=S1-1
Added Net: Name=PC15
Added Class: Name=Sheet1
Added Room: Name=Sheet1
